<!DOCTYPE html>

<html>
  <head>
  <meta charset='utf-8'>
  <title>TestNG reports</title>

    <link type="text/css" href="testng-reports.css" rel="stylesheet" />
    <script type="text/javascript" src="jquery-1.7.1.min.js"></script>
    <script type="text/javascript" src="testng-reports.js"></script>
    <script type="text/javascript" src="https://www.google.com/jsapi"></script>
    <script type='text/javascript'>
      google.load('visualization', '1', {packages:['table']});
      google.setOnLoadCallback(drawTable);
      var suiteTableInitFunctions = new Array();
      var suiteTableData = new Array();
    </script>
    <!--
      <script type="text/javascript" src="jquery-ui/js/jquery-ui-1.8.16.custom.min.js"></script>
     -->
  </head>

  <body>
    <div class="top-banner-root">
      <span class="top-banner-title-font">Test results</span>
      <br/>
      <span class="top-banner-font-1">1 suite, 2 failed tests</span>
    </div> <!-- top-banner-root -->
    <div class="navigator-root">
      <div class="navigator-suite-header">
        <span>All suites</span>
        <a href="#" class="collapse-all-link" title="Collapse/expand all the suites">
          <img class="collapse-all-icon" src="collapseall.gif">
          </img> <!-- collapse-all-icon -->
        </a> <!-- collapse-all-link -->
      </div> <!-- navigator-suite-header -->
      <div class="suite">
        <div class="rounded-window">
          <div class="suite-header light-rounded-window-top">
            <a href="#" class="navigator-link" panel-name="suite-Functional_tests">
              <span class="suite-name border-failed">Functional tests</span>
            </a> <!-- navigator-link -->
          </div> <!-- suite-header light-rounded-window-top -->
          <div class="navigator-suite-content">
            <div class="suite-section-title">
              <span>Info</span>
            </div> <!-- suite-section-title -->
            <div class="suite-section-content">
              <ul>
                <li>
                  <a href="#" class="navigator-link " panel-name="test-xml-Functional_tests">
                    <span>D:\Automation\GitHub\onlinertest\src\test\resources\testng.xml</span>
                  </a> <!-- navigator-link  -->
                </li>
                <li>
                  <a href="#" class="navigator-link " panel-name="testlist-Functional_tests">
                    <span class="test-stats">1 test</span>
                  </a> <!-- navigator-link  -->
                </li>
                <li>
                  <a href="#" class="navigator-link " panel-name="group-Functional_tests">
                    <span>0 groups</span>
                  </a> <!-- navigator-link  -->
                </li>
                <li>
                  <a href="#" class="navigator-link " panel-name="times-Functional_tests">
                    <span>Times</span>
                  </a> <!-- navigator-link  -->
                </li>
                <li>
                  <a href="#" class="navigator-link " panel-name="reporter-Functional_tests">
                    <span>Reporter output</span>
                  </a> <!-- navigator-link  -->
                </li>
                <li>
                  <a href="#" class="navigator-link " panel-name="ignored-methods-Functional_tests">
                    <span>Ignored methods</span>
                  </a> <!-- navigator-link  -->
                </li>
                <li>
                  <a href="#" class="navigator-link " panel-name="chronological-Functional_tests">
                    <span>Chronological view</span>
                  </a> <!-- navigator-link  -->
                </li>
              </ul>
            </div> <!-- suite-section-content -->
            <div class="result-section">
              <div class="suite-section-title">
                <span>Results</span>
              </div> <!-- suite-section-title -->
              <div class="suite-section-content">
                <ul>
                  <li>
                    <span class="method-stats">3 methods, 2 failed,   1 passed</span>
                  </li>
                  <li>
                    <span class="method-list-title failed">Failed methods</span>
                    <span class="show-or-hide-methods failed">
                      <a href="#" panel-name="suite-Functional_tests" class="hide-methods failed suite-Functional_tests"> (hide)</a> <!-- hide-methods failed suite-Functional_tests -->
                      <a href="#" panel-name="suite-Functional_tests" class="show-methods failed suite-Functional_tests"> (show)</a> <!-- show-methods failed suite-Functional_tests -->
                    </span>
                    <div class="method-list-content failed suite-Functional_tests">
                      <span>
                        <img width="3%" src="failed.png"/>
                        <a href="#" class="method navigator-link" panel-name="suite-Functional_tests" title="by.onliner.test.suites.functional.QuadrocopterSearchResultsTest" hash-for-method="dummyTest">dummyTest</a> <!-- method navigator-link -->
                      </span>
                      <br/>
                      <span>
                        <img width="3%" src="failed.png"/>
                        <a href="#" class="method navigator-link" panel-name="suite-Functional_tests" title="by.onliner.test.suites.functional.RadiocontrolAirTest" hash-for-method="radiocontrolAirTest">radiocontrolAirTest</a> <!-- method navigator-link -->
                      </span>
                      <br/>
                    </div> <!-- method-list-content failed suite-Functional_tests -->
                  </li>
                  <li>
                    <span class="method-list-title passed">Passed methods</span>
                    <span class="show-or-hide-methods passed">
                      <a href="#" panel-name="suite-Functional_tests" class="hide-methods passed suite-Functional_tests"> (hide)</a> <!-- hide-methods passed suite-Functional_tests -->
                      <a href="#" panel-name="suite-Functional_tests" class="show-methods passed suite-Functional_tests"> (show)</a> <!-- show-methods passed suite-Functional_tests -->
                    </span>
                    <div class="method-list-content passed suite-Functional_tests">
                      <span>
                        <img width="3%" src="passed.png"/>
                        <a href="#" class="method navigator-link" panel-name="suite-Functional_tests" title="by.onliner.test.suites.functional.RadiocontrolAirTest" hash-for-method="dummyTest2">dummyTest2</a> <!-- method navigator-link -->
                      </span>
                      <br/>
                    </div> <!-- method-list-content passed suite-Functional_tests -->
                  </li>
                </ul>
              </div> <!-- suite-section-content -->
            </div> <!-- result-section -->
          </div> <!-- navigator-suite-content -->
        </div> <!-- rounded-window -->
      </div> <!-- suite -->
    </div> <!-- navigator-root -->
    <div class="wrapper">
      <div class="main-panel-root">
        <div panel-name="suite-Functional_tests" class="panel Functional_tests">
          <div class="suite-Functional_tests-class-failed">
            <div class="main-panel-header rounded-window-top">
              <img src="failed.png"/>
              <span class="class-name">by.onliner.test.suites.functional.QuadrocopterSearchResultsTest</span>
            </div> <!-- main-panel-header rounded-window-top -->
            <div class="main-panel-content rounded-window-bottom">
              <div class="method">
                <div class="method-content">
                  <a name="dummyTest">
                  </a> <!-- dummyTest -->
                  <span class="method-name">dummyTest</span>
                  <div class="stack-trace">java.lang.AssertionError: expected [4] but found [2]
	at by.onliner.test.suites.functional.QuadrocopterSearchResultsTest.dummyTest(QuadrocopterSearchResultsTest.java:22)
	at java.util.ArrayList.forEach(ArrayList.java:1257)
... Removed 36 stack frames
</div> <!-- stack-trace -->
                  <em>
(Dummy test)                  </em>
                </div> <!-- method-content -->
              </div> <!-- method -->
            </div> <!-- main-panel-content rounded-window-bottom -->
          </div> <!-- suite-Functional_tests-class-failed -->
          <div class="suite-Functional_tests-class-failed">
            <div class="main-panel-header rounded-window-top">
              <img src="failed.png"/>
              <span class="class-name">by.onliner.test.suites.functional.RadiocontrolAirTest</span>
            </div> <!-- main-panel-header rounded-window-top -->
            <div class="main-panel-content rounded-window-bottom">
              <div class="method">
                <div class="method-content">
                  <a name="radiocontrolAirTest">
                  </a> <!-- radiocontrolAirTest -->
                  <span class="method-name">radiocontrolAirTest</span>
                  <div class="stack-trace">org.openqa.selenium.TimeoutException: Expected condition failed: waiting for visibility of element located by By.xpath: //div[@class=&apos;schema-filter-button__state schema-filter-button__state_initial schema-filter-button__state_disabled schema-filter-button__state_control&apos;]//span[contains(text(),&apos;Найдено 1021&apos;)] (tried for 10 second(s) with 500 milliseconds interval)
	at org.openqa.selenium.support.ui.WebDriverWait.timeoutException(WebDriverWait.java:95)
	at org.openqa.selenium.support.ui.FluentWait.until(FluentWait.java:272)
	at by.onliner.webapp.pages.RadiocontrolAirPage.verifyThatNumberOfSearchResultsEqualsTo(RadiocontrolAirPage.java:160)
	at by.onliner.test.suites.functional.RadiocontrolAirTest.radiocontrolAirTest(RadiocontrolAirTest.java:31)
	at java.util.ArrayList.forEach(ArrayList.java:1257)
Caused by: org.openqa.selenium.NoSuchElementException: no such element: Unable to locate element: {&quot;method&quot;:&quot;xpath&quot;,&quot;selector&quot;:&quot;//div[@class=&apos;schema-filter-button__state schema-filter-button__state_initial schema-filter-button__state_disabled schema-filter-button__state_control&apos;]//span[contains(text(),&apos;Найдено 1021&apos;)]&quot;}
  (Session info: chrome=79.0.3945.88)
For documentation on this error, please visit: https://www.seleniumhq.org/exceptions/no_such_element.html
Build info: version: &apos;3.141.59&apos;, revision: &apos;e82be7d358&apos;, time: &apos;2018-11-14T08:17:03&apos;
System info: host: &apos;BY-IT00034&apos;, ip: &apos;10.227.6.97&apos;, os.name: &apos;Windows 10&apos;, os.arch: &apos;amd64&apos;, os.version: &apos;10.0&apos;, java.version: &apos;1.8.0_181&apos;
Driver info: org.openqa.selenium.chrome.ChromeDriver
Capabilities {acceptInsecureCerts: false, browserName: chrome, browserVersion: 79.0.3945.88, chrome: {chromedriverVersion: 79.0.3945.36 (3582db32b3389..., userDataDir: C:\Users\MAXIM~1.VOL\AppDat...}, goog:chromeOptions: {debuggerAddress: localhost:51857}, javascriptEnabled: true, networkConnectionEnabled: false, pageLoadStrategy: normal, platform: WINDOWS, platformName: WINDOWS, proxy: Proxy(), setWindowRect: true, strictFileInteractability: false, timeouts: {implicit: 0, pageLoad: 300000, script: 30000}, unhandledPromptBehavior: dismiss and notify}
Session ID: b41f310be5d56a697a183e1e608b2d75
*** Element info: {Using=xpath, value=//div[@class=&apos;schema-filter-button__state schema-filter-button__state_initial schema-filter-button__state_disabled schema-filter-button__state_control&apos;]//span[contains(text(),&apos;Найдено 1021&apos;)]}
	at org.openqa.selenium.remote.http.W3CHttpResponseCodec.createException(W3CHttpResponseCodec.java:187)
	at org.openqa.selenium.remote.http.W3CHttpResponseCodec.decode(W3CHttpResponseCodec.java:122)
	at org.openqa.selenium.remote.http.W3CHttpResponseCodec.decode(W3CHttpResponseCodec.java:49)
	at org.openqa.selenium.remote.HttpCommandExecutor.execute(HttpCommandExecutor.java:158)
	at org.openqa.selenium.remote.service.DriverCommandExecutor.execute(DriverCommandExecutor.java:83)
	at org.openqa.selenium.remote.RemoteWebDriver.execute(RemoteWebDriver.java:552)
	at org.openqa.selenium.remote.RemoteWebDriver.findElement(RemoteWebDriver.java:323)
	at org.openqa.selenium.remote.RemoteWebDriver.findElementByXPath(RemoteWebDriver.java:428)
	at org.openqa.selenium.By$ByXPath.findElement(By.java:353)
	at org.openqa.selenium.remote.RemoteWebDriver.findElement(RemoteWebDriver.java:315)
	at org.openqa.selenium.support.ui.ExpectedConditions$7.apply(ExpectedConditions.java:205)
	at org.openqa.selenium.support.ui.ExpectedConditions$7.apply(ExpectedConditions.java:201)
	at org.openqa.selenium.support.ui.FluentWait.until(FluentWait.java:249)
	... 34 more
... Removed 34 stack frames
</div> <!-- stack-trace -->
                  <em>
(Header Радиоуправляемые авиамодели test)                  </em>
                </div> <!-- method-content -->
              </div> <!-- method -->
            </div> <!-- main-panel-content rounded-window-bottom -->
          </div> <!-- suite-Functional_tests-class-failed -->
          <div class="suite-Functional_tests-class-passed">
            <div class="main-panel-header rounded-window-top">
              <img src="passed.png"/>
              <span class="class-name">by.onliner.test.suites.functional.RadiocontrolAirTest</span>
            </div> <!-- main-panel-header rounded-window-top -->
            <div class="main-panel-content rounded-window-bottom">
              <div class="method">
                <div class="method-content">
                  <a name="dummyTest2">
                  </a> <!-- dummyTest2 -->
                  <span class="method-name">dummyTest2</span>
                  <em>
(Dummy test 2)                  </em>
                </div> <!-- method-content -->
              </div> <!-- method -->
            </div> <!-- main-panel-content rounded-window-bottom -->
          </div> <!-- suite-Functional_tests-class-passed -->
        </div> <!-- panel Functional_tests -->
        <div panel-name="test-xml-Functional_tests" class="panel">
          <div class="main-panel-header rounded-window-top">
            <span class="header-content">D:\Automation\GitHub\onlinertest\src\test\resources\testng.xml</span>
          </div> <!-- main-panel-header rounded-window-top -->
          <div class="main-panel-content rounded-window-bottom">
            <pre>
&lt;?xml version=&quot;1.0&quot; encoding=&quot;UTF-8&quot;?&gt;
&lt;!DOCTYPE suite SYSTEM &quot;https://testng.org/testng-1.0.dtd&quot;&gt;
&lt;suite verbose=&quot;0&quot; name=&quot;Functional tests&quot;&gt;
  &lt;parameter name=&quot;OS&quot; value=&quot;Windows&quot;/&gt;
  &lt;parameter name=&quot;browser&quot; value=&quot;Chrome&quot;/&gt;
  &lt;test thread-count=&quot;5&quot; verbose=&quot;0&quot; name=&quot;Onliner catalog tests&quot;&gt;
    &lt;classes&gt;
      &lt;class name=&quot;by.onliner.test.suites.functional.RadiocontrolAirTest&quot;/&gt;
      &lt;class name=&quot;by.onliner.test.suites.functional.QuadrocopterSearchResultsTest&quot;/&gt;
    &lt;/classes&gt;
  &lt;/test&gt; &lt;!-- Onliner catalog tests --&gt;
&lt;/suite&gt; &lt;!-- Functional tests --&gt;
            </pre>
          </div> <!-- main-panel-content rounded-window-bottom -->
        </div> <!-- panel -->
        <div panel-name="testlist-Functional_tests" class="panel">
          <div class="main-panel-header rounded-window-top">
            <span class="header-content">Tests for Functional tests</span>
          </div> <!-- main-panel-header rounded-window-top -->
          <div class="main-panel-content rounded-window-bottom">
            <ul>
              <li>
                <span class="test-name">Onliner catalog tests (2 classes)</span>
              </li>
            </ul>
          </div> <!-- main-panel-content rounded-window-bottom -->
        </div> <!-- panel -->
        <div panel-name="group-Functional_tests" class="panel">
          <div class="main-panel-header rounded-window-top">
            <span class="header-content">Groups for Functional tests</span>
          </div> <!-- main-panel-header rounded-window-top -->
          <div class="main-panel-content rounded-window-bottom">
          </div> <!-- main-panel-content rounded-window-bottom -->
        </div> <!-- panel -->
        <div panel-name="times-Functional_tests" class="panel">
          <div class="main-panel-header rounded-window-top">
            <span class="header-content">Times for Functional tests</span>
          </div> <!-- main-panel-header rounded-window-top -->
          <div class="main-panel-content rounded-window-bottom">
            <div class="times-div">
              <script type="text/javascript">
suiteTableInitFunctions.push('tableData_Functional_tests');
function tableData_Functional_tests() {
var data = new google.visualization.DataTable();
data.addColumn('number', 'Number');
data.addColumn('string', 'Method');
data.addColumn('string', 'Class');
data.addColumn('number', 'Time (ms)');
data.addRows(3);
data.setCell(0, 0, 0)
data.setCell(0, 1, 'radiocontrolAirTest')
data.setCell(0, 2, 'by.onliner.test.suites.functional.RadiocontrolAirTest')
data.setCell(0, 3, 16638);
data.setCell(1, 0, 1)
data.setCell(1, 1, 'dummyTest')
data.setCell(1, 2, 'by.onliner.test.suites.functional.QuadrocopterSearchResultsTest')
data.setCell(1, 3, 7);
data.setCell(2, 0, 2)
data.setCell(2, 1, 'dummyTest2')
data.setCell(2, 2, 'by.onliner.test.suites.functional.RadiocontrolAirTest')
data.setCell(2, 3, 2);
window.suiteTableData['Functional_tests']= { tableData: data, tableDiv: 'times-div-Functional_tests'}
return data;
}
              </script>
              <span class="suite-total-time">Total running time: 16 seconds</span>
              <div id="times-div-Functional_tests">
              </div> <!-- times-div-Functional_tests -->
            </div> <!-- times-div -->
          </div> <!-- main-panel-content rounded-window-bottom -->
        </div> <!-- panel -->
        <div panel-name="reporter-Functional_tests" class="panel">
          <div class="main-panel-header rounded-window-top">
            <span class="header-content">Reporter output for Functional tests</span>
          </div> <!-- main-panel-header rounded-window-top -->
          <div class="main-panel-content rounded-window-bottom">
          </div> <!-- main-panel-content rounded-window-bottom -->
        </div> <!-- panel -->
        <div panel-name="ignored-methods-Functional_tests" class="panel">
          <div class="main-panel-header rounded-window-top">
            <span class="header-content">2 ignored methods</span>
          </div> <!-- main-panel-header rounded-window-top -->
          <div class="main-panel-content rounded-window-bottom">
            <div class="ignored-class-div">
              <span class="ignored-class-name">by.onliner.test.suites.functional.QuadrocopterSearchResultsTest</span>
              <div class="ignored-methods-div">
                <span class="ignored-method-name">browserSetup</span>
                <br/>
                <span class="ignored-method-name">browserTearDown</span>
                <br/>
              </div> <!-- ignored-methods-div -->
            </div> <!-- ignored-class-div -->
          </div> <!-- main-panel-content rounded-window-bottom -->
        </div> <!-- panel -->
        <div panel-name="chronological-Functional_tests" class="panel">
          <div class="main-panel-header rounded-window-top">
            <span class="header-content">Methods in chronological order</span>
          </div> <!-- main-panel-header rounded-window-top -->
          <div class="main-panel-content rounded-window-bottom">
            <div class="chronological-class">
              <div class="chronological-class-name">by.onliner.test.suites.functional.RadiocontrolAirTest</div> <!-- chronological-class-name -->
              <div class="configuration-suite before">
                <span class="method-name">browserSetup</span>
                <span class="method-start">0 ms</span>
              </div> <!-- configuration-suite before -->
              <div class="configuration-method before">
                <span class="method-name">beforeEachTest(public void by.onliner.test.suites.functional.RadiocontrolAirTest.dummyTest2() throws java.lang.Inte...)</span>
                <span class="method-start">10321 ms</span>
              </div> <!-- configuration-method before -->
              <div class="test-method">
                <span class="method-name">dummyTest2</span>
                <span class="method-start">13134 ms</span>
              </div> <!-- test-method -->
              <div class="configuration-method after">
                <span class="method-name">afterMethod([TestResult name=dummyTest2 status=SUCCESS method=RadiocontrolAirTest.dummyTest2()[pri:0, instance:b...)</span>
                <span class="method-start">13137 ms</span>
              </div> <!-- configuration-method after -->
              <div class="configuration-method before">
                <span class="method-name">beforeEachTest(public void by.onliner.test.suites.functional.RadiocontrolAirTest.radiocontrolAirTest() throws java....)</span>
                <span class="method-start">13422 ms</span>
              </div> <!-- configuration-method before -->
              <div class="test-method">
                <img src="failed.png">
                </img>
                <span class="method-name">radiocontrolAirTest</span>
                <span class="method-start">14299 ms</span>
              </div> <!-- test-method -->
              <div class="configuration-method after">
                <span class="method-name">afterMethod([TestResult name=radiocontrolAirTest status=FAILURE method=RadiocontrolAirTest.radiocontrolAirTest()...)</span>
                <span class="method-start">30945 ms</span>
              </div> <!-- configuration-method after -->
            </div> <!-- chronological-class -->
            <div class="chronological-class">
              <div class="chronological-class-name">by.onliner.test.suites.functional.QuadrocopterSearchResultsTest</div> <!-- chronological-class-name -->
              <div class="configuration-method before">
                <span class="method-name">beforeEachTest(public void by.onliner.test.suites.functional.QuadrocopterSearchResultsTest.dummyTest() throws java....)</span>
                <span class="method-start">31392 ms</span>
              </div> <!-- configuration-method before -->
              <div class="test-method">
                <img src="failed.png">
                </img>
                <span class="method-name">dummyTest</span>
                <span class="method-start">33259 ms</span>
              </div> <!-- test-method -->
              <div class="configuration-method after">
                <span class="method-name">afterMethod([TestResult name=dummyTest status=FAILURE method=QuadrocopterSearchResultsTest.dummyTest()[pri:0, in...)</span>
                <span class="method-start">33266 ms</span>
              </div> <!-- configuration-method after -->
            </div> <!-- chronological-class -->
            <div class="chronological-class">
              <div class="chronological-class-name">by.onliner.test.suites.functional.RadiocontrolAirTest</div> <!-- chronological-class-name -->
              <div class="configuration-suite after">
                <span class="method-name">browserTearDown</span>
                <span class="method-start">34134 ms</span>
              </div> <!-- configuration-suite after -->
          </div> <!-- main-panel-content rounded-window-bottom -->
        </div> <!-- panel -->
      </div> <!-- main-panel-root -->
    </div> <!-- wrapper -->
  </body>
</html>
