<?xml version="1.0" encoding="UTF-8"?>
<testng-results skipped="0" failed="1" ignored="2" total="5" passed="2">
  <reporter-output>
  </reporter-output>
  <suite name="Functional tests" duration-ms="30972" started-at="2019-12-26T15:37:42 MSK" finished-at="2019-12-26T15:38:13 MSK">
    <groups>
    </groups>
    <test name="Onliner catalog tests" duration-ms="30972" started-at="2019-12-26T15:37:42 MSK" finished-at="2019-12-26T15:38:13 MSK">
      <class name="by.onliner.test.suites.functional.QuadrocopterSearchResultsTest">
        <test-method status="PASS" signature="beforeEachTest(java.lang.reflect.Method)[pri:0, instance:by.onliner.test.suites.functional.QuadrocopterSearchResultsTest@22a67b4]" name="beforeEachTest" is-config="true" duration-ms="2006" started-at="2019-12-26T15:38:10 MSK" finished-at="2019-12-26T15:38:12 MSK">
          <params>
            <param index="0">
              <value>
                <![CDATA[public void by.onliner.test.suites.functional.QuadrocopterSearchResultsTest.dummyTest() throws java.lang.InterruptedException,java.io.IOException]]>
              </value>
            </param>
          </params>
          <reporter-output>
          </reporter-output>
        </test-method> <!-- beforeEachTest -->
        <test-method status="PASS" signature="dummyTest()[pri:0, instance:by.onliner.test.suites.functional.QuadrocopterSearchResultsTest@22a67b4]" name="dummyTest" duration-ms="1" started-at="2019-12-26T15:38:12 MSK" description="Dummy test" finished-at="2019-12-26T15:38:12 MSK">
          <reporter-output>
          </reporter-output>
        </test-method> <!-- dummyTest -->
        <test-method status="PASS" signature="afterMethod(org.testng.ITestResult)[pri:0, instance:by.onliner.test.suites.functional.QuadrocopterSearchResultsTest@22a67b4]" name="afterMethod" is-config="true" duration-ms="100" started-at="2019-12-26T15:38:12 MSK" finished-at="2019-12-26T15:38:13 MSK">
          <params>
            <param index="0">
              <value>
                <![CDATA[[TestResult name=dummyTest status=SUCCESS method=QuadrocopterSearchResultsTest.dummyTest()[pri:0, instance:by.onliner.test.suites.functional.QuadrocopterSearchResultsTest@22a67b4] output={null}]]]>
              </value>
            </param>
          </params>
          <reporter-output>
          </reporter-output>
        </test-method> <!-- afterMethod -->
      </class> <!-- by.onliner.test.suites.functional.QuadrocopterSearchResultsTest -->
      <class name="by.onliner.test.suites.functional.RadiocontrolAirTest">
        <test-method status="PASS" signature="browserSetup()[pri:0, instance:by.onliner.test.suites.functional.RadiocontrolAirTest@79be0360]" name="browserSetup" is-config="true" duration-ms="10664" started-at="2019-12-26T15:37:31 MSK" finished-at="2019-12-26T15:37:42 MSK">
          <reporter-output>
          </reporter-output>
        </test-method> <!-- browserSetup -->
        <test-method status="PASS" signature="beforeEachTest(java.lang.reflect.Method)[pri:0, instance:by.onliner.test.suites.functional.RadiocontrolAirTest@79be0360]" name="beforeEachTest" is-config="true" duration-ms="2864" started-at="2019-12-26T15:37:42 MSK" finished-at="2019-12-26T15:37:45 MSK">
          <params>
            <param index="0">
              <value>
                <![CDATA[public void by.onliner.test.suites.functional.RadiocontrolAirTest.dummyTest2() throws java.lang.InterruptedException,java.io.IOException]]>
              </value>
            </param>
          </params>
          <reporter-output>
          </reporter-output>
        </test-method> <!-- beforeEachTest -->
        <test-method status="PASS" signature="dummyTest2()[pri:0, instance:by.onliner.test.suites.functional.RadiocontrolAirTest@79be0360]" name="dummyTest2" duration-ms="2" started-at="2019-12-26T15:37:45 MSK" description="Dummy test 2" finished-at="2019-12-26T15:37:45 MSK">
          <reporter-output>
          </reporter-output>
        </test-method> <!-- dummyTest2 -->
        <test-method status="PASS" signature="afterMethod(org.testng.ITestResult)[pri:0, instance:by.onliner.test.suites.functional.RadiocontrolAirTest@79be0360]" name="afterMethod" is-config="true" duration-ms="447" started-at="2019-12-26T15:37:45 MSK" finished-at="2019-12-26T15:37:45 MSK">
          <params>
            <param index="0">
              <value>
                <![CDATA[[TestResult name=dummyTest2 status=SUCCESS method=RadiocontrolAirTest.dummyTest2()[pri:0, instance:by.onliner.test.suites.functional.RadiocontrolAirTest@79be0360] output={null}]]]>
              </value>
            </param>
          </params>
          <reporter-output>
          </reporter-output>
        </test-method> <!-- afterMethod -->
        <test-method status="PASS" signature="beforeEachTest(java.lang.reflect.Method)[pri:0, instance:by.onliner.test.suites.functional.RadiocontrolAirTest@79be0360]" name="beforeEachTest" is-config="true" duration-ms="1110" started-at="2019-12-26T15:37:45 MSK" finished-at="2019-12-26T15:37:46 MSK">
          <params>
            <param index="0">
              <value>
                <![CDATA[public void by.onliner.test.suites.functional.RadiocontrolAirTest.radiocontrolAirTest() throws java.lang.InterruptedException]]>
              </value>
            </param>
          </params>
          <reporter-output>
          </reporter-output>
        </test-method> <!-- beforeEachTest -->
        <test-method status="FAIL" signature="radiocontrolAirTest()[pri:0, instance:by.onliner.test.suites.functional.RadiocontrolAirTest@79be0360]" name="radiocontrolAirTest" duration-ms="23909" started-at="2019-12-26T15:37:46 MSK" description="Header Радиоуправляемые авиамодели test" finished-at="2019-12-26T15:38:10 MSK">
          <exception class="org.openqa.selenium.TimeoutException">
            <message>
              <![CDATA[Expected condition failed: waiting for visibility of element located by By.xpath: //div[@class='schema-filter-button__state schema-filter-button__state_initial schema-filter-button__state_disabled schema-filter-button__state_control']//span[contains(text(),'Найдено 1021')] (tried for 10 second(s) with 500 milliseconds interval)]]>
            </message>
            <full-stacktrace>
              <![CDATA[org.openqa.selenium.TimeoutException: Expected condition failed: waiting for visibility of element located by By.xpath: //div[@class='schema-filter-button__state schema-filter-button__state_initial schema-filter-button__state_disabled schema-filter-button__state_control']//span[contains(text(),'Найдено 1021')] (tried for 10 second(s) with 500 milliseconds interval)
at org.openqa.selenium.support.ui.WebDriverWait.timeoutException(WebDriverWait.java:95)
at org.openqa.selenium.support.ui.FluentWait.until(FluentWait.java:272)
at by.onliner.webapp.pages.RadiocontrolAirPage.verifyThatNumberOfSearchResultsEqualsTo(RadiocontrolAirPage.java:160)
at by.onliner.test.suites.functional.RadiocontrolAirTest.radiocontrolAirTest(RadiocontrolAirTest.java:31)
at sun.reflect.NativeMethodAccessorImpl.invoke0(Native Method)
at sun.reflect.NativeMethodAccessorImpl.invoke(NativeMethodAccessorImpl.java:62)
at sun.reflect.DelegatingMethodAccessorImpl.invoke(DelegatingMethodAccessorImpl.java:43)
at java.lang.reflect.Method.invoke(Method.java:498)
at org.testng.internal.MethodInvocationHelper.invokeMethod(MethodInvocationHelper.java:133)
at org.testng.internal.TestInvoker.invokeMethod(TestInvoker.java:584)
at org.testng.internal.TestInvoker.invokeTestMethod(TestInvoker.java:172)
at org.testng.internal.MethodRunner.runInSequence(MethodRunner.java:46)
at org.testng.internal.TestInvoker$MethodInvocationAgent.invoke(TestInvoker.java:804)
at org.testng.internal.TestInvoker.invokeTestMethods(TestInvoker.java:145)
at org.testng.internal.TestMethodWorker.invokeTestMethods(TestMethodWorker.java:146)
at org.testng.internal.TestMethodWorker.run(TestMethodWorker.java:128)
at java.util.ArrayList.forEach(ArrayList.java:1257)
at org.testng.TestRunner.privateRun(TestRunner.java:770)
at org.testng.TestRunner.run(TestRunner.java:591)
at org.testng.SuiteRunner.runTest(SuiteRunner.java:402)
at org.testng.SuiteRunner.runSequentially(SuiteRunner.java:396)
at org.testng.SuiteRunner.privateRun(SuiteRunner.java:355)
at org.testng.SuiteRunner.run(SuiteRunner.java:304)
at org.testng.SuiteRunnerWorker.runSuite(SuiteRunnerWorker.java:53)
at org.testng.SuiteRunnerWorker.run(SuiteRunnerWorker.java:96)
at org.testng.TestNG.runSuitesSequentially(TestNG.java:1180)
at org.testng.TestNG.runSuitesLocally(TestNG.java:1102)
at org.testng.TestNG.runSuites(TestNG.java:1032)
at org.testng.TestNG.run(TestNG.java:1000)
at org.apache.maven.surefire.testng.TestNGExecutor.run(TestNGExecutor.java:283)
at org.apache.maven.surefire.testng.TestNGXmlTestSuite.execute(TestNGXmlTestSuite.java:75)
at org.apache.maven.surefire.testng.TestNGProvider.invoke(TestNGProvider.java:120)
at org.apache.maven.surefire.booter.ForkedBooter.invokeProviderInSameClassLoader(ForkedBooter.java:384)
at org.apache.maven.surefire.booter.ForkedBooter.runSuitesInProcess(ForkedBooter.java:345)
at org.apache.maven.surefire.booter.ForkedBooter.execute(ForkedBooter.java:126)
at org.apache.maven.surefire.booter.ForkedBooter.main(ForkedBooter.java:418)
Caused by: org.openqa.selenium.NoSuchElementException: no such element: Unable to locate element: {"method":"xpath","selector":"//div[@class='schema-filter-button__state schema-filter-button__state_initial schema-filter-button__state_disabled schema-filter-button__state_control']//span[contains(text(),'Найдено 1021')]"}
  (Session info: chrome=79.0.3945.88)
For documentation on this error, please visit: https://www.seleniumhq.org/exceptions/no_such_element.html
Build info: version: '3.141.59', revision: 'e82be7d358', time: '2018-11-14T08:17:03'
System info: host: 'BY-IT00034', ip: '10.227.6.97', os.name: 'Windows 10', os.arch: 'amd64', os.version: '10.0', java.version: '1.8.0_181'
Driver info: org.openqa.selenium.chrome.ChromeDriver
Capabilities {acceptInsecureCerts: false, browserName: chrome, browserVersion: 79.0.3945.88, chrome: {chromedriverVersion: 79.0.3945.36 (3582db32b3389..., userDataDir: C:\Users\MAXIM~1.VOL\AppDat...}, goog:chromeOptions: {debuggerAddress: localhost:49404}, javascriptEnabled: true, networkConnectionEnabled: false, pageLoadStrategy: normal, platform: WINDOWS, platformName: WINDOWS, proxy: Proxy(), setWindowRect: true, strictFileInteractability: false, timeouts: {implicit: 0, pageLoad: 300000, script: 30000}, unhandledPromptBehavior: dismiss and notify}
Session ID: 4d811e2f2cb27619eaa2a8d054101c44
*** Element info: {Using=xpath, value=//div[@class='schema-filter-button__state schema-filter-button__state_initial schema-filter-button__state_disabled schema-filter-button__state_control']//span[contains(text(),'Найдено 1021')]}
at sun.reflect.GeneratedConstructorAccessor12.newInstance(Unknown Source)
at sun.reflect.DelegatingConstructorAccessorImpl.newInstance(DelegatingConstructorAccessorImpl.java:45)
at java.lang.reflect.Constructor.newInstance(Constructor.java:423)
at org.openqa.selenium.remote.http.W3CHttpResponseCodec.createException(W3CHttpResponseCodec.java:187)
at org.openqa.selenium.remote.http.W3CHttpResponseCodec.decode(W3CHttpResponseCodec.java:122)
at org.openqa.selenium.remote.http.W3CHttpResponseCodec.decode(W3CHttpResponseCodec.java:49)
at org.openqa.selenium.remote.HttpCommandExecutor.execute(HttpCommandExecutor.java:158)
at org.openqa.selenium.remote.service.DriverCommandExecutor.execute(DriverCommandExecutor.java:83)
at org.openqa.selenium.remote.RemoteWebDriver.execute(RemoteWebDriver.java:552)
at org.openqa.selenium.remote.RemoteWebDriver.findElement(RemoteWebDriver.java:323)
at org.openqa.selenium.remote.RemoteWebDriver.findElementByXPath(RemoteWebDriver.java:428)
at org.openqa.selenium.By$ByXPath.findElement(By.java:353)
at org.openqa.selenium.remote.RemoteWebDriver.findElement(RemoteWebDriver.java:315)
at org.openqa.selenium.support.ui.ExpectedConditions$7.apply(ExpectedConditions.java:205)
at org.openqa.selenium.support.ui.ExpectedConditions$7.apply(ExpectedConditions.java:201)
at org.openqa.selenium.support.ui.FluentWait.until(FluentWait.java:249)
... 34 more
]]>
            </full-stacktrace>
          </exception> <!-- org.openqa.selenium.TimeoutException -->
          <reporter-output>
          </reporter-output>
        </test-method> <!-- radiocontrolAirTest -->
        <test-method status="PASS" signature="afterMethod(org.testng.ITestResult)[pri:0, instance:by.onliner.test.suites.functional.RadiocontrolAirTest@79be0360]" name="afterMethod" is-config="true" duration-ms="450" started-at="2019-12-26T15:38:10 MSK" finished-at="2019-12-26T15:38:10 MSK">
          <params>
            <param index="0">
              <value>
                <![CDATA[[TestResult name=radiocontrolAirTest status=FAILURE method=RadiocontrolAirTest.radiocontrolAirTest()[pri:0, instance:by.onliner.test.suites.functional.RadiocontrolAirTest@79be0360] output={null}]]]>
              </value>
            </param>
          </params>
          <reporter-output>
          </reporter-output>
        </test-method> <!-- afterMethod -->
        <test-method status="PASS" signature="browserTearDown()[pri:0, instance:by.onliner.test.suites.functional.RadiocontrolAirTest@79be0360]" name="browserTearDown" is-config="true" duration-ms="838" started-at="2019-12-26T15:38:13 MSK" finished-at="2019-12-26T15:38:13 MSK">
          <reporter-output>
          </reporter-output>
        </test-method> <!-- browserTearDown -->
      </class> <!-- by.onliner.test.suites.functional.RadiocontrolAirTest -->
    </test> <!-- Onliner catalog tests -->
  </suite> <!-- Functional tests -->
</testng-results>
